{
  "RSpec": {
    "coverage": {
      "/Users/mehmetucarucar/Desktop/makers/makers-projects/weekday-challanges/week-10/bank_ruby_2/spec/account_spec.rb": {
        "lines": [
          1,
          1,
          1,
          8,
          1,
          1,
          1,
          1,
          null,
          null,
          1,
          1,
          1,
          1,
          null,
          null,
          1,
          2,
          null,
          null,
          1,
          1,
          1,
          0,
          null,
          null,
          null,
          1,
          1,
          null,
          null,
          1,
          1,
          1,
          1,
          null,
          null,
          1,
          1,
          1,
          2,
          null,
          null,
          null,
          null
        ]
      },
      "/Users/mehmetucarucar/Desktop/makers/makers-projects/weekday-challanges/week-10/bank_ruby_2/lib/account.rb": {
        "lines": [
          1,
          1,
          1,
          1,
          null,
          1,
          1,
          7,
          7,
          7,
          null,
          null,
          1,
          5,
          null,
          5,
          null,
          null,
          1,
          4,
          3,
          null,
          3,
          3,
          null,
          null,
          1,
          8,
          null,
          null,
          1,
          1,
          1,
          2,
          null,
          null,
          null,
          null
        ]
      }
    },
    "timestamp": 1645718714
  }
}
